0 info it worked if it ends with ok
1 verbose cli [ '/usr/bin/node', '/usr/bin/npm', 'publish' ]
2 info using npm@2.15.0
3 info using node@v0.10.44
4 verbose node symlink /usr/bin/node
5 verbose publish [ '.' ]
6 silly cache add args [ '.', null ]
7 verbose cache add spec .
8 silly cache add parsed spec { raw: '.',
8 silly cache add   scope: null,
8 silly cache add   name: null,
8 silly cache add   rawSpec: '.',
8 silly cache add   spec: '/home/hueter/Projekte/redux-form-fields',
8 silly cache add   type: 'directory' }
9 verbose addLocalDirectory /home/hueter/.npm/redux-form-fields/0.0.1/package.tgz not in flight; packing
10 verbose correctMkdir /home/hueter/.npm correctMkdir not in flight; initializing
11 verbose tar pack [ '/home/hueter/.npm/redux-form-fields/0.0.1/package.tgz',
11 verbose tar pack   '/home/hueter/Projekte/redux-form-fields' ]
12 verbose tarball /home/hueter/.npm/redux-form-fields/0.0.1/package.tgz
13 verbose folder /home/hueter/Projekte/redux-form-fields
14 info prepublish redux-form-fields@0.0.1
15 verbose addLocalTarball adding from inside cache /home/hueter/.npm/redux-form-fields/0.0.1/package.tgz
16 verbose correctMkdir /home/hueter/.npm correctMkdir not in flight; initializing
17 silly cache afterAdd redux-form-fields@0.0.1
18 verbose afterAdd /home/hueter/.npm/redux-form-fields/0.0.1/package/package.json not in flight; writing
19 verbose correctMkdir /home/hueter/.npm correctMkdir not in flight; initializing
20 verbose afterAdd /home/hueter/.npm/redux-form-fields/0.0.1/package/package.json written
21 silly publish { name: 'redux-form-fields',
21 silly publish   version: '0.0.1',
21 silly publish   description: 'some form fields to be used with redux-form',
21 silly publish   main: 'src/index.js',
21 silly publish   author: { name: 'Heiko Hüter', email: 'ender@ender74.de' },
21 silly publish   scripts: { test: 'echo "Error: no test specified" && exit 1' },
21 silly publish   babel: { presets: [ 'es2015', 'react' ] },
21 silly publish   keywords: [ 'react', 'redux-form', 'bootstrap' ],
21 silly publish   license: 'BSD-2-Clause',
21 silly publish   devDependencies:
21 silly publish    { 'babel-cli': '^6.7.5',
21 silly publish      'babel-core': '^6.7.6',
21 silly publish      'babel-preset-es2015': '~6.6.0',
21 silly publish      'babel-preset-react': '~6.5.0',
21 silly publish      babelify: '~7.2.0',
21 silly publish      gulp: '~3.9.1' },
21 silly publish   peerDependencies: { react: '~15.0.1', 'react-dom': '~15.0.1' },
21 silly publish   dependencies:
21 silly publish    { 'react-bootstrap': '~0.28.5',
21 silly publish      'react-redux': '~4.4.5',
21 silly publish      redux: '~3.4.0',
21 silly publish      'redux-form': '~5.0.1' },
21 silly publish   repository:
21 silly publish    { type: 'git',
21 silly publish      url: 'git+https://github.com/ender74/redux-form-fields.git' },
21 silly publish   readme: 'React Form Fields',
21 silly publish   readmeFilename: 'README.md',
21 silly publish   gitHead: '8b04d61975862bbba12000e591ae50e44bec0715',
21 silly publish   bugs: { url: 'https://github.com/ender74/redux-form-fields/issues' },
21 silly publish   homepage: 'https://github.com/ender74/redux-form-fields#readme',
21 silly publish   _id: 'redux-form-fields@0.0.1',
21 silly publish   _shasum: '81d5118fead95a2337cb731e41eb2979ebcba878',
21 silly publish   _from: '.' }
22 verbose getPublishConfig undefined
23 silly mapToRegistry name redux-form-fields
24 silly mapToRegistry using default registry
25 silly mapToRegistry registry https://registry.npmjs.org/
26 silly mapToRegistry data { raw: 'redux-form-fields',
26 silly mapToRegistry   scope: null,
26 silly mapToRegistry   name: 'redux-form-fields',
26 silly mapToRegistry   rawSpec: '',
26 silly mapToRegistry   spec: 'latest',
26 silly mapToRegistry   type: 'tag' }
27 silly mapToRegistry uri https://registry.npmjs.org/redux-form-fields
28 verbose publish registryBase https://registry.npmjs.org/
29 silly publish uploading /home/hueter/.npm/redux-form-fields/0.0.1/package.tgz
30 verbose request uri https://registry.npmjs.org/redux-form-fields
31 verbose request sending authorization for write operation
32 info attempt registry request try #1 at 20:58:44
33 verbose request using bearer token for auth
34 verbose request id 7ff9646d1f0a8d95
35 http request PUT https://registry.npmjs.org/redux-form-fields
36 http 403 https://registry.npmjs.org/redux-form-fields
37 verbose headers { 'content-type': 'application/json',
37 verbose headers   'cache-control': 'max-age=300',
37 verbose headers   'content-length': '95',
37 verbose headers   'accept-ranges': 'bytes',
37 verbose headers   date: 'Sun, 17 Apr 2016 18:58:45 GMT',
37 verbose headers   via: '1.1 varnish',
37 verbose headers   connection: 'keep-alive',
37 verbose headers   'x-served-by': 'cache-fra1244-FRA',
37 verbose headers   'x-cache': 'MISS',
37 verbose headers   'x-cache-hits': '0',
37 verbose headers   'x-timer': 'S1460919524.962390,VS0,VE1008',
37 verbose headers   vary: 'Accept-Encoding' }
38 verbose request invalidating /home/hueter/.npm/registry.npmjs.org/redux-form-fields on PUT
39 error publish Failed PUT 403
40 verbose stack Error: "You cannot publish over the previously published version 0.0.1." : redux-form-fields
40 verbose stack     at makeError (/usr/lib/node_modules/npm/node_modules/npm-registry-client/lib/request.js:264:12)
40 verbose stack     at CachingRegistryClient.<anonymous> (/usr/lib/node_modules/npm/node_modules/npm-registry-client/lib/request.js:252:14)
40 verbose stack     at Request._callback (/usr/lib/node_modules/npm/node_modules/npm-registry-client/lib/request.js:172:14)
40 verbose stack     at Request.self.callback (/usr/lib/node_modules/npm/node_modules/request/request.js:199:22)
40 verbose stack     at Request.emit (events.js:98:17)
40 verbose stack     at Request.<anonymous> (/usr/lib/node_modules/npm/node_modules/request/request.js:1036:10)
40 verbose stack     at Request.emit (events.js:117:20)
40 verbose stack     at IncomingMessage.<anonymous> (/usr/lib/node_modules/npm/node_modules/request/request.js:963:12)
40 verbose stack     at IncomingMessage.emit (events.js:117:20)
40 verbose stack     at _stream_readable.js:944:16
41 verbose statusCode 403
42 verbose pkgid redux-form-fields
43 verbose cwd /home/hueter/Projekte/redux-form-fields
44 error Linux 3.13.0-83-generic
45 error argv "/usr/bin/node" "/usr/bin/npm" "publish"
46 error node v0.10.44
47 error npm  v2.15.0
48 error code E403
49 error "You cannot publish over the previously published version 0.0.1." : redux-form-fields
50 error If you need help, you may report this error at:
50 error     <https://github.com/npm/npm/issues>
51 verbose exit [ 1, true ]
